==24542== Memcheck, a memory error detector
==24542== Copyright (C) 2002-2013, and GNU GPL'd, by Julian Seward et al.
==24542== Using Valgrind-3.10.1 and LibVEX; rerun with -h for copyright info
==24542== Command: ./eRte
==24542== Parent PID: 4244
==24542== 
==24542== 
==24542== HEAP SUMMARY:
==24542==     in use at exit: 2,872 bytes in 8 blocks
==24542==   total heap usage: 8,600 allocs, 8,592 frees, 533,979 bytes allocated
==24542== 
==24542== LEAK SUMMARY:
==24542==    definitely lost: 0 bytes in 0 blocks
==24542==    indirectly lost: 0 bytes in 0 blocks
==24542==      possibly lost: 0 bytes in 0 blocks
==24542==    still reachable: 2,872 bytes in 8 blocks
==24542==         suppressed: 0 bytes in 0 blocks
==24542== Reachable blocks (those to which a pointer was found) are not shown.
==24542== To see them, rerun with: --leak-check=full --show-leak-kinds=all
==24542== 
==24542== For counts of detected and suppressed errors, rerun with: -v
==24542== ERROR SUMMARY: 0 errors from 0 contexts (suppressed: 4 from 4)
