This file contains any messages produced by compilers while
running configure, to aid debugging if configure makes a mistake.

It was created by resiprocate configure 1.9.0, which was
generated by GNU Autoconf 2.63.  Invocation command line was

  $ ./configure --prefix=/home/wtrsp --libdir=/home/wtrsp/API/lib --includedir=/home/wtrsp/API/include --enable-ipv6 --enable-shared=yes --enable-static=no CPPFLAGS=-DNDEBUG -DESIP_IN_RESIP

## --------- ##
## Platform. ##
## --------- ##

hostname = 8ba3507dc926
uname -m = x86_64
uname -r = 5.10.16.3-microsoft-standard-WSL2
uname -s = Linux
uname -v = #1 SMP Fri Apr 2 22:23:49 UTC 2021

/usr/bin/uname -p = x86_64
/bin/uname -X     = unknown

/bin/arch              = x86_64
/usr/bin/arch -k       = unknown
/usr/convex/getsysinfo = unknown
/usr/bin/hostinfo      = unknown
/bin/machine           = unknown
/usr/bin/oslevel       = unknown
/bin/universe          = unknown

PATH: /usr/local/sbin
PATH: /usr/local/bin
PATH: /usr/sbin
PATH: /usr/bin
PATH: /root/bin
PATH: /sbin
PATH: /usr/sbin
PATH: ./


## ----------- ##
## Core tests. ##
## ----------- ##

configure:2164: checking for a BSD-compatible install
configure:2232: result: /usr/bin/install -c
configure:2243: checking whether build environment is sane
configure:2303: result: yes
configure:2444: checking for a thread-safe mkdir -p
configure:2483: result: /usr/bin/mkdir -p
configure:2496: checking for gawk
configure:2512: found /usr/bin/gawk
configure:2523: result: gawk
configure:2534: checking whether make sets $(MAKE)
configure:2556: result: yes
configure:2645: checking build system type
configure:2663: result: x86_64-unknown-linux-gnu
configure:2685: checking host system type
configure:2700: result: x86_64-unknown-linux-gnu
configure:2773: checking for gcc
configure:2789: found /usr/bin/gcc
configure:2800: result: gcc
configure:3032: checking for C compiler version
configure:3040: gcc --version >&5
gcc (GCC) 4.8.5 20150623 (Red Hat 4.8.5-44)
Copyright (C) 2015 Free Software Foundation, Inc.
This is free software; see the source for copying conditions.  There is NO
warranty; not even for MERCHANTABILITY or FITNESS FOR A PARTICULAR PURPOSE.

configure:3044: $? = 0
configure:3051: gcc -v >&5
Using built-in specs.
COLLECT_GCC=gcc
COLLECT_LTO_WRAPPER=/usr/libexec/gcc/x86_64-redhat-linux/4.8.5/lto-wrapper
Target: x86_64-redhat-linux
Configured with: ../configure --prefix=/usr --mandir=/usr/share/man --infodir=/usr/share/info --with-bugurl=http://bugzilla.redhat.com/bugzilla --enable-bootstrap --enable-shared --enable-threads=posix --enable-checking=release --with-system-zlib --enable-__cxa_atexit --disable-libunwind-exceptions --enable-gnu-unique-object --enable-linker-build-id --with-linker-hash-style=gnu --enable-languages=c,c++,objc,obj-c++,java,fortran,ada,go,lto --enable-plugin --enable-initfini-array --disable-libgcj --with-isl=/builddir/build/BUILD/gcc-4.8.5-20150702/obj-x86_64-redhat-linux/isl-install --with-cloog=/builddir/build/BUILD/gcc-4.8.5-20150702/obj-x86_64-redhat-linux/cloog-install --enable-gnu-indirect-function --with-tune=generic --with-arch_32=x86-64 --build=x86_64-redhat-linux
Thread model: posix
gcc version 4.8.5 20150623 (Red Hat 4.8.5-44) (GCC) 
configure:3055: $? = 0
configure:3062: gcc -V >&5
gcc: error: unrecognized command line option '-V'
gcc: fatal error: no input files
compilation terminated.
configure:3066: $? = 4
configure:3089: checking for C compiler default output file name
configure:3111: gcc  -DNDEBUG -DESIP_IN_RESIP  conftest.c  >&5
configure:3115: $? = 0
configure:3153: result: a.out
configure:3172: checking whether the C compiler works
configure:3182: ./a.out
configure:3186: $? = 0
configure:3205: result: yes
configure:3212: checking whether we are cross compiling
configure:3214: result: no
configure:3217: checking for suffix of executables
configure:3224: gcc -o conftest  -DNDEBUG -DESIP_IN_RESIP  conftest.c  >&5
configure:3228: $? = 0
configure:3254: result: 
configure:3260: checking for suffix of object files
configure:3286: gcc -c  -DNDEBUG -DESIP_IN_RESIP conftest.c >&5
configure:3290: $? = 0
configure:3315: result: o
configure:3319: checking whether we are using the GNU C compiler
configure:3348: gcc -c  -DNDEBUG -DESIP_IN_RESIP conftest.c >&5
configure:3355: $? = 0
configure:3372: result: yes
configure:3381: checking whether gcc accepts -g
configure:3411: gcc -c -g -DNDEBUG -DESIP_IN_RESIP conftest.c >&5
configure:3418: $? = 0
configure:3519: result: yes
configure:3536: checking for gcc option to accept ISO C89
configure:3610: gcc  -c -g -O2 -DNDEBUG -DESIP_IN_RESIP conftest.c >&5
configure:3617: $? = 0
configure:3640: result: none needed
configure:3669: checking for style of include used by make
configure:3697: result: GNU
configure:3722: checking dependency style of gcc
configure:3832: result: gcc3
configure:3905: checking for g++
configure:3921: found /usr/bin/g++
configure:3932: result: g++
configure:3959: checking for C++ compiler version
configure:3967: g++ --version >&5
g++ (GCC) 4.8.5 20150623 (Red Hat 4.8.5-44)
Copyright (C) 2015 Free Software Foundation, Inc.
This is free software; see the source for copying conditions.  There is NO
warranty; not even for MERCHANTABILITY or FITNESS FOR A PARTICULAR PURPOSE.

configure:3971: $? = 0
configure:3978: g++ -v >&5
Using built-in specs.
COLLECT_GCC=g++
COLLECT_LTO_WRAPPER=/usr/libexec/gcc/x86_64-redhat-linux/4.8.5/lto-wrapper
Target: x86_64-redhat-linux
Configured with: ../configure --prefix=/usr --mandir=/usr/share/man --infodir=/usr/share/info --with-bugurl=http://bugzilla.redhat.com/bugzilla --enable-bootstrap --enable-shared --enable-threads=posix --enable-checking=release --with-system-zlib --enable-__cxa_atexit --disable-libunwind-exceptions --enable-gnu-unique-object --enable-linker-build-id --with-linker-hash-style=gnu --enable-languages=c,c++,objc,obj-c++,java,fortran,ada,go,lto --enable-plugin --enable-initfini-array --disable-libgcj --with-isl=/builddir/build/BUILD/gcc-4.8.5-20150702/obj-x86_64-redhat-linux/isl-install --with-cloog=/builddir/build/BUILD/gcc-4.8.5-20150702/obj-x86_64-redhat-linux/cloog-install --enable-gnu-indirect-function --with-tune=generic --with-arch_32=x86-64 --build=x86_64-redhat-linux
Thread model: posix
gcc version 4.8.5 20150623 (Red Hat 4.8.5-44) (GCC) 
configure:3982: $? = 0
configure:3989: g++ -V >&5
g++: error: unrecognized command line option '-V'
g++: fatal error: no input files
compilation terminated.
configure:3993: $? = 4
configure:3996: checking whether we are using the GNU C++ compiler
configure:4025: g++ -c  -DNDEBUG -DESIP_IN_RESIP conftest.cpp >&5
configure:4032: $? = 0
configure:4049: result: yes
configure:4058: checking whether g++ accepts -g
configure:4088: g++ -c -g -DNDEBUG -DESIP_IN_RESIP conftest.cpp >&5
configure:4095: $? = 0
configure:4196: result: yes
configure:4221: checking dependency style of g++
configure:4331: result: gcc3
configure:4361: checking for a BSD-compatible install
configure:4429: result: /usr/bin/install -c
configure:4466: checking for a sed that does not truncate output
configure:4532: result: /usr/bin/sed
configure:4550: checking for grep that handles long lines and -e
configure:4610: result: /usr/bin/grep
configure:4615: checking for egrep
configure:4679: result: /usr/bin/grep -E
configure:4684: checking for fgrep
configure:4748: result: /usr/bin/grep -F
configure:4783: checking for ld used by gcc
configure:4850: result: /usr/bin/ld
configure:4859: checking if the linker (/usr/bin/ld) is GNU ld
configure:4874: result: yes
configure:4886: checking for BSD- or MS-compatible name lister (nm)
configure:4935: result: /usr/bin/nm -B
configure:5053: checking the name lister (/usr/bin/nm -B) interface
configure:5060: gcc -c -g -O2 -DNDEBUG -DESIP_IN_RESIP conftest.c >&5
configure:5063: /usr/bin/nm -B "conftest.o"
configure:5066: output
0000000000000000 B some_variable
configure:5073: result: BSD nm
configure:5076: checking whether ln -s works
configure:5080: result: yes
configure:5088: checking the maximum length of command line arguments
configure:5208: result: 1572864
configure:5225: checking whether the shell understands some XSI constructs
configure:5235: result: yes
configure:5239: checking whether the shell understands "+="
configure:5245: result: yes
configure:5280: checking for /usr/bin/ld option to reload object files
configure:5287: result: -r
configure:5356: checking for objdump
configure:5372: found /usr/bin/objdump
configure:5383: result: objdump
configure:5415: checking how to recognize dependent libraries
configure:5611: result: pass_all
configure:5671: checking for ar
configure:5687: found /usr/bin/ar
configure:5698: result: ar
configure:5776: checking for strip
configure:5792: found /usr/bin/strip
configure:5803: result: strip
configure:5875: checking for ranlib
configure:5891: found /usr/bin/ranlib
configure:5902: result: ranlib
configure:5992: checking command to parse /usr/bin/nm -B output from gcc object
configure:6110: gcc -c -g -O2 -DNDEBUG -DESIP_IN_RESIP conftest.c >&5
configure:6113: $? = 0
configure:6117: /usr/bin/nm -B conftest.o \| sed -n -e 's/^.*[	 ]\([ABCDGIRSTW][ABCDGIRSTW]*\)[	 ][	 ]*\([_A-Za-z][_A-Za-z0-9]*\)$/\1 \2 \2/p' \> conftest.nm
configure:6120: $? = 0
configure:6174: gcc -o conftest -g -O2 -DNDEBUG -DESIP_IN_RESIP  conftest.c conftstm.o >&5
configure:6177: $? = 0
configure:6215: result: ok
configure:6311: gcc -c -g -O2 -DNDEBUG -DESIP_IN_RESIP conftest.c >&5
configure:6314: $? = 0
configure:7082: checking how to run the C preprocessor
configure:7122: gcc -E -DNDEBUG -DESIP_IN_RESIP conftest.c
configure:7129: $? = 0
configure:7160: gcc -E -DNDEBUG -DESIP_IN_RESIP conftest.c
conftest.c:10:28: fatal error: ac_nonexistent.h: No such file or directory
 #include <ac_nonexistent.h>
                            ^
compilation terminated.
configure:7167: $? = 1
configure: failed program was:
| /* confdefs.h.  */
| #define PACKAGE_NAME "resiprocate"
| #define PACKAGE_TARNAME "resiprocate"
| #define PACKAGE_VERSION "1.9.0"
| #define PACKAGE_STRING "resiprocate 1.9.0"
| #define PACKAGE_BUGREPORT ""
| #define PACKAGE "resiprocate"
| #define VERSION "1.9.0"
| /* end confdefs.h.  */
| #include <ac_nonexistent.h>
configure:7200: result: gcc -E
configure:7229: gcc -E -DNDEBUG -DESIP_IN_RESIP conftest.c
configure:7236: $? = 0
configure:7267: gcc -E -DNDEBUG -DESIP_IN_RESIP conftest.c
conftest.c:10:28: fatal error: ac_nonexistent.h: No such file or directory
 #include <ac_nonexistent.h>
                            ^
compilation terminated.
configure:7274: $? = 1
configure: failed program was:
| /* confdefs.h.  */
| #define PACKAGE_NAME "resiprocate"
| #define PACKAGE_TARNAME "resiprocate"
| #define PACKAGE_VERSION "1.9.0"
| #define PACKAGE_STRING "resiprocate 1.9.0"
| #define PACKAGE_BUGREPORT ""
| #define PACKAGE "resiprocate"
| #define VERSION "1.9.0"
| /* end confdefs.h.  */
| #include <ac_nonexistent.h>
configure:7314: checking for ANSI C header files
configure:7344: gcc -c -g -O2 -DNDEBUG -DESIP_IN_RESIP conftest.c >&5
configure:7351: $? = 0
configure:7450: gcc -o conftest -g -O2 -DNDEBUG -DESIP_IN_RESIP  conftest.c  >&5
configure:7454: $? = 0
configure:7460: ./conftest
configure:7464: $? = 0
configure:7482: result: yes
configure:7506: checking for sys/types.h
configure:7527: gcc -c -g -O2 -DNDEBUG -DESIP_IN_RESIP conftest.c >&5
configure:7534: $? = 0
configure:7551: result: yes
configure:7506: checking for sys/stat.h
configure:7527: gcc -c -g -O2 -DNDEBUG -DESIP_IN_RESIP conftest.c >&5
configure:7534: $? = 0
configure:7551: result: yes
configure:7506: checking for stdlib.h
configure:7527: gcc -c -g -O2 -DNDEBUG -DESIP_IN_RESIP conftest.c >&5
configure:7534: $? = 0
configure:7551: result: yes
configure:7506: checking for string.h
configure:7527: gcc -c -g -O2 -DNDEBUG -DESIP_IN_RESIP conftest.c >&5
configure:7534: $? = 0
configure:7551: result: yes
configure:7506: checking for memory.h
configure:7527: gcc -c -g -O2 -DNDEBUG -DESIP_IN_RESIP conftest.c >&5
configure:7534: $? = 0
configure:7551: result: yes
configure:7506: checking for strings.h
configure:7527: gcc -c -g -O2 -DNDEBUG -DESIP_IN_RESIP conftest.c >&5
configure:7534: $? = 0
configure:7551: result: yes
configure:7506: checking for inttypes.h
configure:7527: gcc -c -g -O2 -DNDEBUG -DESIP_IN_RESIP conftest.c >&5
configure:7534: $? = 0
configure:7551: result: yes
configure:7506: checking for stdint.h
configure:7527: gcc -c -g -O2 -DNDEBUG -DESIP_IN_RESIP conftest.c >&5
configure:7534: $? = 0
configure:7551: result: yes
configure:7506: checking for unistd.h
configure:7527: gcc -c -g -O2 -DNDEBUG -DESIP_IN_RESIP conftest.c >&5
configure:7534: $? = 0
configure:7551: result: yes
configure:7569: checking for dlfcn.h
configure:7590: gcc -c -g -O2 -DNDEBUG -DESIP_IN_RESIP conftest.c >&5
configure:7597: $? = 0
configure:7614: result: yes
configure:7741: checking for C++ compiler version
configure:7749: g++ --version >&5
g++ (GCC) 4.8.5 20150623 (Red Hat 4.8.5-44)
Copyright (C) 2015 Free Software Foundation, Inc.
This is free software; see the source for copying conditions.  There is NO
warranty; not even for MERCHANTABILITY or FITNESS FOR A PARTICULAR PURPOSE.

configure:7753: $? = 0
configure:7760: g++ -v >&5
Using built-in specs.
COLLECT_GCC=g++
COLLECT_LTO_WRAPPER=/usr/libexec/gcc/x86_64-redhat-linux/4.8.5/lto-wrapper
Target: x86_64-redhat-linux
Configured with: ../configure --prefix=/usr --mandir=/usr/share/man --infodir=/usr/share/info --with-bugurl=http://bugzilla.redhat.com/bugzilla --enable-bootstrap --enable-shared --enable-threads=posix --enable-checking=release --with-system-zlib --enable-__cxa_atexit --disable-libunwind-exceptions --enable-gnu-unique-object --enable-linker-build-id --with-linker-hash-style=gnu --enable-languages=c,c++,objc,obj-c++,java,fortran,ada,go,lto --enable-plugin --enable-initfini-array --disable-libgcj --with-isl=/builddir/build/BUILD/gcc-4.8.5-20150702/obj-x86_64-redhat-linux/isl-install --with-cloog=/builddir/build/BUILD/gcc-4.8.5-20150702/obj-x86_64-redhat-linux/cloog-install --enable-gnu-indirect-function --with-tune=generic --with-arch_32=x86-64 --build=x86_64-redhat-linux
Thread model: posix
gcc version 4.8.5 20150623 (Red Hat 4.8.5-44) (GCC) 
configure:7764: $? = 0
configure:7771: g++ -V >&5
g++: error: unrecognized command line option '-V'
g++: fatal error: no input files
compilation terminated.
configure:7775: $? = 4
configure:7778: checking whether we are using the GNU C++ compiler
configure:7831: result: yes
configure:7840: checking whether g++ accepts -g
configure:7978: result: yes
configure:8003: checking dependency style of g++
configure:8113: result: gcc3
configure:8136: checking how to run the C++ preprocessor
configure:8172: g++ -E -DNDEBUG -DESIP_IN_RESIP conftest.cpp
configure:8179: $? = 0
configure:8210: g++ -E -DNDEBUG -DESIP_IN_RESIP conftest.cpp
conftest.cpp:21:28: fatal error: ac_nonexistent.h: No such file or directory
 #include <ac_nonexistent.h>
                            ^
compilation terminated.
configure:8217: $? = 1
configure: failed program was:
| /* confdefs.h.  */
| #define PACKAGE_NAME "resiprocate"
| #define PACKAGE_TARNAME "resiprocate"
| #define PACKAGE_VERSION "1.9.0"
| #define PACKAGE_STRING "resiprocate 1.9.0"
| #define PACKAGE_BUGREPORT ""
| #define PACKAGE "resiprocate"
| #define VERSION "1.9.0"
| #define STDC_HEADERS 1
| #define HAVE_SYS_TYPES_H 1
| #define HAVE_SYS_STAT_H 1
| #define HAVE_STDLIB_H 1
| #define HAVE_STRING_H 1
| #define HAVE_MEMORY_H 1
| #define HAVE_STRINGS_H 1
| #define HAVE_INTTYPES_H 1
| #define HAVE_STDINT_H 1
| #define HAVE_UNISTD_H 1
| #define HAVE_DLFCN_H 1
| /* end confdefs.h.  */
| #include <ac_nonexistent.h>
configure:8250: result: g++ -E
configure:8279: g++ -E -DNDEBUG -DESIP_IN_RESIP conftest.cpp
configure:8286: $? = 0
configure:8317: g++ -E -DNDEBUG -DESIP_IN_RESIP conftest.cpp
conftest.cpp:21:28: fatal error: ac_nonexistent.h: No such file or directory
 #include <ac_nonexistent.h>
                            ^
compilation terminated.
configure:8324: $? = 1
configure: failed program was:
| /* confdefs.h.  */
| #define PACKAGE_NAME "resiprocate"
| #define PACKAGE_TARNAME "resiprocate"
| #define PACKAGE_VERSION "1.9.0"
| #define PACKAGE_STRING "resiprocate 1.9.0"
| #define PACKAGE_BUGREPORT ""
| #define PACKAGE "resiprocate"
| #define VERSION "1.9.0"
| #define STDC_HEADERS 1
| #define HAVE_SYS_TYPES_H 1
| #define HAVE_SYS_STAT_H 1
| #define HAVE_STDLIB_H 1
| #define HAVE_STRING_H 1
| #define HAVE_MEMORY_H 1
| #define HAVE_STRINGS_H 1
| #define HAVE_INTTYPES_H 1
| #define HAVE_STDINT_H 1
| #define HAVE_UNISTD_H 1
| #define HAVE_DLFCN_H 1
| /* end confdefs.h.  */
| #include <ac_nonexistent.h>
configure:8538: checking for objdir
configure:8553: result: .libs
configure:8849: checking if gcc supports -fno-rtti -fno-exceptions
configure:8867: gcc -c -g -O2 -DNDEBUG -DESIP_IN_RESIP -fno-rtti -fno-exceptions conftest.c >&5
cc1: warning: command line option '-fno-rtti' is valid for C++/ObjC++ but not for C [enabled by default]
configure:8871: $? = 0
configure:8884: result: no
configure:8904: checking for gcc option to produce PIC
configure:9176: result: -fPIC -DPIC
configure:9188: checking if gcc PIC flag -fPIC -DPIC works
configure:9206: gcc -c -g -O2 -DNDEBUG -DESIP_IN_RESIP -fPIC -DPIC -DPIC conftest.c >&5
configure:9210: $? = 0
configure:9223: result: yes
configure:9247: checking if gcc static flag -static works
configure:9275: result: no
configure:9290: checking if gcc supports -c -o file.o
configure:9311: gcc -c -g -O2 -DNDEBUG -DESIP_IN_RESIP -o out/conftest2.o conftest.c >&5
configure:9315: $? = 0
configure:9337: result: yes
configure:9345: checking if gcc supports -c -o file.o
configure:9392: result: yes
configure:9425: checking whether the gcc linker (/usr/bin/ld) supports shared libraries
configure:10499: result: yes
configure:10536: checking whether -lc should be explicitly linked in
configure:10541: gcc -c -g -O2 -DNDEBUG -DESIP_IN_RESIP conftest.c >&5
configure:10544: $? = 0
configure:10559: gcc -shared conftest.o  -v -Wl,-soname -Wl,conftest -o conftest 2\>\&1 \| /usr/bin/grep  -lc  \>/dev/null 2\>\&1
configure:10562: $? = 0
configure:10574: result: no
configure:10738: checking dynamic linker characteristics
configure:11181: gcc -o conftest -g -O2 -DNDEBUG -DESIP_IN_RESIP  -Wl,-rpath -Wl,/foo conftest.c  >&5
configure:11188: $? = 0
configure:11424: result: GNU/Linux ld.so
configure:11526: checking how to hardcode library paths into programs
configure:11551: result: immediate
configure:12384: checking whether stripping libraries is possible
configure:12389: result: yes
configure:12424: checking if libtool supports shared libraries
configure:12426: result: yes
configure:12429: checking whether to build shared libraries
configure:12450: result: yes
configure:12453: checking whether to build static libraries
configure:12457: result: no
configure:12607: checking for ld used by g++
configure:12674: result: /usr/bin/ld
configure:12683: checking if the linker (/usr/bin/ld) is GNU ld
configure:12698: result: yes
configure:12753: checking whether the g++ linker (/usr/bin/ld) supports shared libraries
configure:13728: result: yes
configure:13756: g++ -c -g -O2 -DNDEBUG -DESIP_IN_RESIP conftest.cpp >&5
configure:13759: $? = 0
configure:13941: checking for g++ option to produce PIC
configure:14258: result: -fPIC -DPIC
configure:14267: checking if g++ PIC flag -fPIC -DPIC works
configure:14285: g++ -c -g -O2 -DNDEBUG -DESIP_IN_RESIP -fPIC -DPIC -DPIC conftest.cpp >&5
configure:14289: $? = 0
configure:14302: result: yes
configure:14323: checking if g++ static flag -static works
configure:14351: result: no
configure:14363: checking if g++ supports -c -o file.o
configure:14384: g++ -c -g -O2 -DNDEBUG -DESIP_IN_RESIP -o out/conftest2.o conftest.cpp >&5
configure:14388: $? = 0
configure:14410: result: yes
configure:14415: checking if g++ supports -c -o file.o
configure:14462: result: yes
configure:14492: checking whether the g++ linker (/usr/bin/ld) supports shared libraries
configure:14518: result: yes
configure:14655: checking dynamic linker characteristics
configure:15046: g++ -o conftest -g -O2 -DNDEBUG -DESIP_IN_RESIP  -Wl,-rpath -Wl,/foo conftest.cpp  >&5
configure:15053: $? = 0
configure:15289: result: GNU/Linux ld.so
configure:15340: checking how to hardcode library paths into programs
configure:15365: result: immediate
configure:15424: checking for a sed that does not truncate output
configure:15490: result: /usr/bin/sed
configure:15496: checking whether make sets $(MAKE)
configure:15518: result: yes
configure:15570: checking for ranlib
configure:15597: result: ranlib
configure:15624: checking  for GNU warning flags
configure:15629: result: yes
configure:15726: checking for struct sockaddr_in.sin_len
configure:15755: gcc -c -g -O2 -Wall -Wno-deprecated -DNDEBUG -DESIP_IN_RESIP -DRESIP_OSTYPE_LINUX -DRESIP_ARCH_X86_64 -DRESIP_LARCH_ -D_REENTRANT -DRESIP_TOOLCHAIN_GNU conftest.c >&5
conftest.c: In function 'main':
conftest.c:32:12: error: 'struct sockaddr_in' has no member named 'sin_len'
 if (ac_aggr.sin_len)
            ^
conftest.c:31:27: warning: variable 'ac_aggr' set but not used [-Wunused-but-set-variable]
 static struct sockaddr_in ac_aggr;
                           ^
configure:15762: $? = 1
configure: failed program was:
| /* confdefs.h.  */
| #define PACKAGE_NAME "resiprocate"
| #define PACKAGE_TARNAME "resiprocate"
| #define PACKAGE_VERSION "1.9.0"
| #define PACKAGE_STRING "resiprocate 1.9.0"
| #define PACKAGE_BUGREPORT ""
| #define PACKAGE "resiprocate"
| #define VERSION "1.9.0"
| #define STDC_HEADERS 1
| #define HAVE_SYS_TYPES_H 1
| #define HAVE_SYS_STAT_H 1
| #define HAVE_STDLIB_H 1
| #define HAVE_STRING_H 1
| #define HAVE_MEMORY_H 1
| #define HAVE_STRINGS_H 1
| #define HAVE_INTTYPES_H 1
| #define HAVE_STDINT_H 1
| #define HAVE_UNISTD_H 1
| #define HAVE_DLFCN_H 1
| #define LT_OBJDIR ".libs/"
| #define OS_MAJOR_VER 5
| #define OS_MINOR_VER 10
| #define OS_POINT_VER 16
| #define OS_PATCH_VER 3
| /* end confdefs.h.  */
| #include <arpa/inet.h>
| 
| int
| main ()
| {
| static struct sockaddr_in ac_aggr;
| if (ac_aggr.sin_len)
| return 0;
|   ;
|   return 0;
| }
configure:15796: gcc -c -g -O2 -Wall -Wno-deprecated -DNDEBUG -DESIP_IN_RESIP -DRESIP_OSTYPE_LINUX -DRESIP_ARCH_X86_64 -DRESIP_LARCH_ -D_REENTRANT -DRESIP_TOOLCHAIN_GNU conftest.c >&5
conftest.c: In function 'main':
conftest.c:32:19: error: 'struct sockaddr_in' has no member named 'sin_len'
 if (sizeof ac_aggr.sin_len)
                   ^
conftest.c:31:27: warning: variable 'ac_aggr' set but not used [-Wunused-but-set-variable]
 static struct sockaddr_in ac_aggr;
                           ^
configure:15803: $? = 1
configure: failed program was:
| /* confdefs.h.  */
| #define PACKAGE_NAME "resiprocate"
| #define PACKAGE_TARNAME "resiprocate"
| #define PACKAGE_VERSION "1.9.0"
| #define PACKAGE_STRING "resiprocate 1.9.0"
| #define PACKAGE_BUGREPORT ""
| #define PACKAGE "resiprocate"
| #define VERSION "1.9.0"
| #define STDC_HEADERS 1
| #define HAVE_SYS_TYPES_H 1
| #define HAVE_SYS_STAT_H 1
| #define HAVE_STDLIB_H 1
| #define HAVE_STRING_H 1
| #define HAVE_MEMORY_H 1
| #define HAVE_STRINGS_H 1
| #define HAVE_INTTYPES_H 1
| #define HAVE_STDINT_H 1
| #define HAVE_UNISTD_H 1
| #define HAVE_DLFCN_H 1
| #define LT_OBJDIR ".libs/"
| #define OS_MAJOR_VER 5
| #define OS_MINOR_VER 10
| #define OS_POINT_VER 16
| #define OS_PATCH_VER 3
| /* end confdefs.h.  */
| #include <arpa/inet.h>
| 
| int
| main ()
| {
| static struct sockaddr_in ac_aggr;
| if (sizeof ac_aggr.sin_len)
| return 0;
|   ;
|   return 0;
| }
configure:15821: result: no
configure:16376: checking for library containing gethostbyname
configure:16417: gcc -o conftest -g -O2 -Wall -Wno-deprecated -DNDEBUG -DESIP_IN_RESIP -DRESIP_OSTYPE_LINUX -DRESIP_ARCH_X86_64 -DRESIP_LARCH_ -D_REENTRANT -DRESIP_TOOLCHAIN_GNU  -L/home/wtrsp/API/resiprocate-1.9.1/rutil/dns/ares conftest.c  >&5
configure:16424: $? = 0
configure:16455: result: none required
configure:16463: checking for library containing socket
configure:16504: gcc -o conftest -g -O2 -Wall -Wno-deprecated -DNDEBUG -DESIP_IN_RESIP -DRESIP_OSTYPE_LINUX -DRESIP_ARCH_X86_64 -DRESIP_LARCH_ -D_REENTRANT -DRESIP_TOOLCHAIN_GNU  -L/home/wtrsp/API/resiprocate-1.9.1/rutil/dns/ares conftest.c  >&5
configure:16511: $? = 0
configure:16542: result: none required
configure:16552: checking whether time.h and sys/time.h may both be included
configure:16582: gcc -c -g -O2 -Wall -Wno-deprecated -DNDEBUG -DESIP_IN_RESIP -DRESIP_OSTYPE_LINUX -DRESIP_ARCH_X86_64 -DRESIP_LARCH_ -D_REENTRANT -DRESIP_TOOLCHAIN_GNU conftest.c >&5
configure:16589: $? = 0
configure:16604: result: yes
configure:16622: checking for sys/types.h
configure:16629: result: yes
configure:16633: checking sys/time.h usability
configure:16650: gcc -c -g -O2 -Wall -Wno-deprecated -DNDEBUG -DESIP_IN_RESIP -DRESIP_OSTYPE_LINUX -DRESIP_ARCH_X86_64 -DRESIP_LARCH_ -D_REENTRANT -DRESIP_TOOLCHAIN_GNU conftest.c >&5
configure:16657: $? = 0
configure:16671: result: yes
configure:16675: checking sys/time.h presence
configure:16690: gcc -E -DNDEBUG -DESIP_IN_RESIP -DRESIP_OSTYPE_LINUX -DRESIP_ARCH_X86_64 -DRESIP_LARCH_ -D_REENTRANT -DRESIP_TOOLCHAIN_GNU conftest.c
configure:16697: $? = 0
configure:16711: result: yes
configure:16739: checking for sys/time.h
configure:16748: result: yes
configure:16633: checking time.h usability
configure:16650: gcc -c -g -O2 -Wall -Wno-deprecated -DNDEBUG -DESIP_IN_RESIP -DRESIP_OSTYPE_LINUX -DRESIP_ARCH_X86_64 -DRESIP_LARCH_ -D_REENTRANT -DRESIP_TOOLCHAIN_GNU conftest.c >&5
configure:16657: $? = 0
configure:16671: result: yes
configure:16675: checking time.h presence
configure:16690: gcc -E -DNDEBUG -DESIP_IN_RESIP -DRESIP_OSTYPE_LINUX -DRESIP_ARCH_X86_64 -DRESIP_LARCH_ -D_REENTRANT -DRESIP_TOOLCHAIN_GNU conftest.c
configure:16697: $? = 0
configure:16711: result: yes
configure:16739: checking for time.h
configure:16748: result: yes
configure:16763: checking for monotonic clock_gettime
configure:16805: gcc -c -g -O2 -Wall -Wno-deprecated -DNDEBUG -DESIP_IN_RESIP -DRESIP_OSTYPE_LINUX -DRESIP_ARCH_X86_64 -DRESIP_LARCH_ -D_REENTRANT -DRESIP_TOOLCHAIN_GNU conftest.c >&5
configure:16812: $? = 0
configure:16818: result: yes
configure:16839: checking for clock_gettime in libraries
configure:16892: gcc -o conftest -g -O2 -Wall -Wno-deprecated -DNDEBUG -DESIP_IN_RESIP -DRESIP_OSTYPE_LINUX -DRESIP_ARCH_X86_64 -DRESIP_LARCH_ -D_REENTRANT -DRESIP_TOOLCHAIN_GNU  -L/home/wtrsp/API/resiprocate-1.9.1/rutil/dns/ares conftest.c  >&5
configure:16899: $? = 0
configure:16934: result: no additional lib required
configure:16952: checking if monotonic clock_gettime works
configure:17009: gcc -o conftest -g -O2 -Wall -Wno-deprecated -DNDEBUG -DESIP_IN_RESIP -DRESIP_OSTYPE_LINUX -DRESIP_ARCH_X86_64 -DRESIP_LARCH_ -D_REENTRANT -DRESIP_TOOLCHAIN_GNU  -L/home/wtrsp/API/resiprocate-1.9.1/rutil/dns/ares conftest.c  >&5
configure:17013: $? = 0
configure:17019: ./conftest
configure:17023: $? = 0
configure:17026: result: yes
configure:17076: checking linux/version.h usability
configure:17093: gcc -c -g -O2 -Wall -Wno-deprecated -DNDEBUG -DESIP_IN_RESIP -DRESIP_OSTYPE_LINUX -DRESIP_ARCH_X86_64 -DRESIP_LARCH_ -D_REENTRANT -DRESIP_TOOLCHAIN_GNU conftest.c >&5
configure:17100: $? = 0
configure:17114: result: yes
configure:17118: checking linux/version.h presence
configure:17133: gcc -E -DNDEBUG -DESIP_IN_RESIP -DRESIP_OSTYPE_LINUX -DRESIP_ARCH_X86_64 -DRESIP_LARCH_ -D_REENTRANT -DRESIP_TOOLCHAIN_GNU conftest.c
configure:17140: $? = 0
configure:17154: result: yes
configure:17182: checking for linux/version.h
configure:17189: result: yes
configure:17198: checking for Linux epoll(7) interface
configure:17234: gcc -o conftest -g -O2 -Wall -Wno-deprecated -DNDEBUG -DESIP_IN_RESIP -DRESIP_OSTYPE_LINUX -DRESIP_ARCH_X86_64 -DRESIP_LARCH_ -D_REENTRANT -DRESIP_TOOLCHAIN_GNU -DHAVE_LINUX_VERSION_H  -L/home/wtrsp/API/resiprocate-1.9.1/rutil/dns/ares conftest.c  >&5
conftest.c: In function 'main':
conftest.c:48:9: warning: variable 'rc' set but not used [-Wunused-but-set-variable]
 int fd, rc;
         ^
configure:17241: $? = 0
configure:17264: result: yes
configure:17280: checking whether to enable maintainer-specific portions of Makefiles
configure:17289: result: no
configure:17632: creating ./config.status

## ---------------------- ##
## Running config.status. ##
## ---------------------- ##

This file was extended by resiprocate config.status 1.9.0, which was
generated by GNU Autoconf 2.63.  Invocation command line was

  CONFIG_FILES    = 
  CONFIG_HEADERS  = 
  CONFIG_LINKS    = 
  CONFIG_COMMANDS = 
  $ ./config.status 

on 8ba3507dc926

config.status:1135: creating Makefile
config.status:1135: creating rutil/dns/ares/Makefile
config.status:1135: creating rutil/Makefile
config.status:1135: creating rutil/test/Makefile
config.status:1135: creating resip/Makefile
config.status:1135: creating resip/stack/Makefile
config.status:1135: creating resip/stack/test/Makefile
config.status:1135: creating resip/dum/Makefile
config.status:1135: creating resip/dum/test/Makefile
config.status:1135: creating resip/certs/Makefile
config.status:1135: creating repro/Makefile
config.status:1135: creating repro/accountingconsumers/Makefile
config.status:1135: creating repro/reprocmd/Makefile
config.status:1135: creating repro/test/Makefile
config.status:1135: creating b2bua/Makefile
config.status:1135: creating tfm/Makefile
config.status:1135: creating tfm/repro/Makefile
config.status:1135: creating tfm/tfdum/Makefile
config.status:1135: creating apps/Makefile
config.status:1135: creating apps/clicktocall/Makefile
config.status:1135: creating apps/clicktocall/test/Makefile
config.status:1135: creating apps/ichat-gw/Makefile
config.status:1135: creating apps/ichat-gw/jabberconnector/Makefile
config.status:1135: creating apps/sipdial/Makefile
config.status:1135: creating apps/basicB2BUA/Makefile
config.status:1135: creating resiprocate.spec
config.status:1135: creating reTurn/Makefile
config.status:1135: creating reTurn/test/Makefile
config.status:1135: creating reTurn/client/Makefile
config.status:1135: creating reTurn/client/test/Makefile
config.status:1135: creating reflow/Makefile
config.status:1135: creating resip/recon/Makefile
config.status:1135: creating resip/recon/MOHParkServer/Makefile
config.status:1135: creating resip/recon/test/Makefile
config.status:1135: creating presSvr/Makefile
config.status:1135: creating p2p/s2c/s2c/Makefile
config.status:1135: creating p2p/Makefile
config.status:1135: creating config.h
config.status:1409: executing depfiles commands
config.status:1409: executing libtool commands

## ---------------- ##
## Cache variables. ##
## ---------------- ##

ac_cv_build=x86_64-unknown-linux-gnu
ac_cv_c_compiler_gnu=yes
ac_cv_cxx_compiler_gnu=yes
ac_cv_env_CCC_set=
ac_cv_env_CCC_value=
ac_cv_env_CC_set=
ac_cv_env_CC_value=
ac_cv_env_CFLAGS_set=
ac_cv_env_CFLAGS_value=
ac_cv_env_CPPFLAGS_set=set
ac_cv_env_CPPFLAGS_value='-DNDEBUG -DESIP_IN_RESIP'
ac_cv_env_CPP_set=
ac_cv_env_CPP_value=
ac_cv_env_CXXCPP_set=
ac_cv_env_CXXCPP_value=
ac_cv_env_CXXFLAGS_set=
ac_cv_env_CXXFLAGS_value=
ac_cv_env_CXX_set=
ac_cv_env_CXX_value=
ac_cv_env_LDFLAGS_set=
ac_cv_env_LDFLAGS_value=
ac_cv_env_LIBS_set=
ac_cv_env_LIBS_value=
ac_cv_env_build_alias_set=
ac_cv_env_build_alias_value=
ac_cv_env_host_alias_set=
ac_cv_env_host_alias_value=
ac_cv_env_target_alias_set=
ac_cv_env_target_alias_value=
ac_cv_func_clock_gettime=yes
ac_cv_header_dlfcn_h=yes
ac_cv_header_inttypes_h=yes
ac_cv_header_linux_version_h=yes
ac_cv_header_memory_h=yes
ac_cv_header_stdc=yes
ac_cv_header_stdint_h=yes
ac_cv_header_stdlib_h=yes
ac_cv_header_string_h=yes
ac_cv_header_strings_h=yes
ac_cv_header_sys_stat_h=yes
ac_cv_header_sys_time_h=yes
ac_cv_header_sys_types_h=yes
ac_cv_header_time=yes
ac_cv_header_time_h=yes
ac_cv_header_unistd_h=yes
ac_cv_host=x86_64-unknown-linux-gnu
ac_cv_member_struct_sockaddr_in_sin_len=no
ac_cv_objext=o
ac_cv_path_EGREP='/usr/bin/grep -E'
ac_cv_path_FGREP='/usr/bin/grep -F'
ac_cv_path_GREP=/usr/bin/grep
ac_cv_path_SED=/usr/bin/sed
ac_cv_path_install='/usr/bin/install -c'
ac_cv_path_mkdir=/usr/bin/mkdir
ac_cv_prog_AWK=gawk
ac_cv_prog_CPP='gcc -E'
ac_cv_prog_CXXCPP='g++ -E'
ac_cv_prog_ac_ct_AR=ar
ac_cv_prog_ac_ct_CC=gcc
ac_cv_prog_ac_ct_CXX=g++
ac_cv_prog_ac_ct_OBJDUMP=objdump
ac_cv_prog_ac_ct_RANLIB=ranlib
ac_cv_prog_ac_ct_STRIP=strip
ac_cv_prog_cc_c89=
ac_cv_prog_cc_g=yes
ac_cv_prog_cxx_g=yes
ac_cv_prog_make_make_set=yes
ac_cv_search_gethostbyname='none required'
ac_cv_search_socket='none required'
am_cv_CC_dependencies_compiler_type=gcc3
am_cv_CXX_dependencies_compiler_type=gcc3
ax_cv_have_epoll=yes
curl_cv_gclk_LIBS=
curl_cv_save_LIBS=
lt_cv_deplibs_check_method=pass_all
lt_cv_file_magic_cmd='$MAGIC_CMD'
lt_cv_file_magic_test_file=
lt_cv_ld_reload_flag=-r
lt_cv_nm_interface='BSD nm'
lt_cv_objdir=.libs
lt_cv_path_LD=/usr/bin/ld
lt_cv_path_LDCXX=/usr/bin/ld
lt_cv_path_NM='/usr/bin/nm -B'
lt_cv_prog_compiler_c_o=yes
lt_cv_prog_compiler_c_o_CXX=yes
lt_cv_prog_compiler_pic_works=yes
lt_cv_prog_compiler_pic_works_CXX=yes
lt_cv_prog_compiler_rtti_exceptions=no
lt_cv_prog_compiler_static_works=no
lt_cv_prog_compiler_static_works_CXX=no
lt_cv_prog_gnu_ld=yes
lt_cv_prog_gnu_ldcxx=yes
lt_cv_sys_global_symbol_pipe='sed -n -e '\''s/^.*[	 ]\([ABCDGIRSTW][ABCDGIRSTW]*\)[	 ][	 ]*\([_A-Za-z][_A-Za-z0-9]*\)$/\1 \2 \2/p'\'''
lt_cv_sys_global_symbol_to_c_name_address='sed -n -e '\''s/^: \([^ ]*\) $/  {\"\1\", (void *) 0},/p'\'' -e '\''s/^[ABCDGIRSTW]* \([^ ]*\) \([^ ]*\)$/  {"\2", (void *) \&\2},/p'\'''
lt_cv_sys_global_symbol_to_c_name_address_lib_prefix='sed -n -e '\''s/^: \([^ ]*\) $/  {\"\1\", (void *) 0},/p'\'' -e '\''s/^[ABCDGIRSTW]* \([^ ]*\) \(lib[^ ]*\)$/  {"\2", (void *) \&\2},/p'\'' -e '\''s/^[ABCDGIRSTW]* \([^ ]*\) \([^ ]*\)$/  {"lib\2", (void *) \&\2},/p'\'''
lt_cv_sys_global_symbol_to_cdecl='sed -n -e '\''s/^T .* \(.*\)$/extern int \1();/p'\'' -e '\''s/^[ABCDGIRSTW]* .* \(.*\)$/extern char \1;/p'\'''
lt_cv_sys_max_cmd_len=1572864

## ----------------- ##
## Output variables. ##
## ----------------- ##

ACLOCAL='${SHELL} /home/wtrsp/API/resiprocate-1.9.1/build-aux/missing --run aclocal-1.11'
AMDEPBACKSLASH='\'
AMDEP_FALSE='#'
AMDEP_TRUE=''
AMTAR='${SHELL} /home/wtrsp/API/resiprocate-1.9.1/build-aux/missing --run tar'
AR='ar'
AUTOCONF='${SHELL} /home/wtrsp/API/resiprocate-1.9.1/build-aux/missing --run autoconf'
AUTOHEADER='${SHELL} /home/wtrsp/API/resiprocate-1.9.1/build-aux/missing --run autoheader'
AUTOMAKE='${SHELL} /home/wtrsp/API/resiprocate-1.9.1/build-aux/missing --run automake-1.11'
AWK='gawk'
BUILD_APPS_FALSE=''
BUILD_APPS_TRUE='#'
BUILD_B2BUA_FALSE=''
BUILD_B2BUA_TRUE='#'
BUILD_ICHAT_GW_FALSE=''
BUILD_ICHAT_GW_TRUE='#'
BUILD_P2P_FALSE=''
BUILD_P2P_TRUE='#'
BUILD_RECON_FALSE=''
BUILD_RECON_TRUE='#'
BUILD_TFM_FALSE=''
BUILD_TFM_TRUE='#'
CC='gcc'
CCDEPMODE='depmode=gcc3'
CFLAGS='-g -O2 -Wall -Wno-deprecated'
CPP='gcc -E'
CPPFLAGS='-DNDEBUG -DESIP_IN_RESIP -DRESIP_OSTYPE_LINUX -DRESIP_ARCH_X86_64 -DRESIP_LARCH_ -D_REENTRANT -DRESIP_TOOLCHAIN_GNU'
CXX='g++'
CXXCPP='g++ -E'
CXXDEPMODE='depmode=gcc3'
CXXFLAGS='-g -O2 -Wall -Wno-deprecated -I/home/wtrsp/API/resiprocate-1.9.1/rutil/dns/ares'
CYGPATH_W='echo'
DEFS='-DHAVE_CONFIG_H'
DEPDIR='.deps'
DSYMUTIL=''
DUMPBIN=''
ECHO_C=''
ECHO_N='-n'
ECHO_T=''
EGREP='/usr/bin/grep -E'
EXEEXT=''
FGREP='/usr/bin/grep -F'
GPERF='${SHELL} /home/wtrsp/API/resiprocate-1.9.1/build-aux/missing --run gperf'
GREP='/usr/bin/grep'
INSTALL_DATA='${INSTALL} -m 644'
INSTALL_PROGRAM='${INSTALL}'
INSTALL_SCRIPT='${INSTALL}'
INSTALL_STRIP_PROGRAM='$(install_sh) -c -s'
LD='/usr/bin/ld'
LDFLAGS=' -L/home/wtrsp/API/resiprocate-1.9.1/rutil/dns/ares'
LIBARES_LIBADD='/home/wtrsp/API/resiprocate-1.9.1/rutil/dns/ares/libresipares.la'
LIBGEOIP_LIBADD=''
LIBMYSQL_LIBADD=''
LIBOBJS=''
LIBPOPT_LIBADD=''
LIBRADIUS_LIBADD=''
LIBS=''
LIBSSL_LIBADD=''
LIBTOOL='$(SHELL) $(top_builddir)/libtool'
LIBTOOL_VERSION_RELEASE='-release 1.9'
LIPO=''
LN_S='ln -s'
LTLIBOBJS=''
MAINT='#'
MAINTAINER_MODE_FALSE=''
MAINTAINER_MODE_TRUE='#'
MAKEINFO='${SHELL} /home/wtrsp/API/resiprocate-1.9.1/build-aux/missing --run makeinfo'
MKDIR_P='/usr/bin/mkdir -p'
NM='/usr/bin/nm -B'
NMEDIT=''
OBJDUMP='objdump'
OBJEXT='o'
OTOOL64=''
OTOOL=''
PACKAGE='resiprocate'
PACKAGE_BUGREPORT=''
PACKAGE_NAME='resiprocate'
PACKAGE_STRING='resiprocate 1.9.0'
PACKAGE_TARNAME='resiprocate'
PACKAGE_VERSION='1.9.0'
PATH_SEPARATOR=':'
RANLIB='ranlib'
SED='/usr/bin/sed'
SET_MAKE=''
SHELL='/bin/sh'
SO_RELEASE='1.9'
STRIP='strip'
USE_ARES_FALSE='#'
USE_ARES_TRUE=''
USE_CARES_FALSE=''
USE_CARES_TRUE='#'
USE_MAXMIND_GEOIP_FALSE=''
USE_MAXMIND_GEOIP_TRUE='#'
USE_MYSQL_FALSE=''
USE_MYSQL_TRUE='#'
USE_POPT_FALSE=''
USE_POPT_TRUE='#'
USE_RADIUS_CLIENT_FALSE=''
USE_RADIUS_CLIENT_TRUE='#'
USE_SSL_FALSE=''
USE_SSL_TRUE='#'
VERSION='1.9.0'
ac_ct_CC='gcc'
ac_ct_CXX='g++'
ac_ct_DUMPBIN=''
am__EXEEXT_FALSE=''
am__EXEEXT_TRUE='#'
am__fastdepCC_FALSE='#'
am__fastdepCC_TRUE=''
am__fastdepCXX_FALSE='#'
am__fastdepCXX_TRUE=''
am__include='include'
am__isrc=''
am__leading_dot='.'
am__quote=''
am__tar='${AMTAR} chof - "$$tardir"'
am__untar='${AMTAR} xf -'
bindir='${exec_prefix}/bin'
build='x86_64-unknown-linux-gnu'
build_alias=''
build_cpu='x86_64'
build_os='linux-gnu'
build_vendor='unknown'
datadir='${datarootdir}'
datarootdir='${prefix}/share'
docdir='${datarootdir}/doc/${PACKAGE_TARNAME}'
dvidir='${docdir}'
exec_prefix='${prefix}'
host='x86_64-unknown-linux-gnu'
host_alias=''
host_cpu='x86_64'
host_os='linux-gnu'
host_vendor='unknown'
htmldir='${docdir}'
includedir='/home/wtrsp/API/include'
infodir='${datarootdir}/info'
install_sh='${SHELL} /home/wtrsp/API/resiprocate-1.9.1/build-aux/install-sh'
libdir='/home/wtrsp/API/lib'
libexecdir='${exec_prefix}/libexec'
localedir='${datarootdir}/locale'
localstatedir='${prefix}/var'
lt_ECHO='echo'
mandir='${datarootdir}/man'
mkdir_p='/usr/bin/mkdir -p'
oldincludedir='/usr/include'
pdfdir='${docdir}'
prefix='/home/wtrsp'
program_transform_name='s,x,x,'
psdir='${docdir}'
sbindir='${exec_prefix}/sbin'
sharedstatedir='${prefix}/com'
sysconfdir='${prefix}/etc'
target_alias=''

## ----------- ##
## confdefs.h. ##
## ----------- ##

#define PACKAGE_NAME "resiprocate"
#define PACKAGE_TARNAME "resiprocate"
#define PACKAGE_VERSION "1.9.0"
#define PACKAGE_STRING "resiprocate 1.9.0"
#define PACKAGE_BUGREPORT ""
#define PACKAGE "resiprocate"
#define VERSION "1.9.0"
#define STDC_HEADERS 1
#define HAVE_SYS_TYPES_H 1
#define HAVE_SYS_STAT_H 1
#define HAVE_STDLIB_H 1
#define HAVE_STRING_H 1
#define HAVE_MEMORY_H 1
#define HAVE_STRINGS_H 1
#define HAVE_INTTYPES_H 1
#define HAVE_STDINT_H 1
#define HAVE_UNISTD_H 1
#define HAVE_DLFCN_H 1
#define LT_OBJDIR ".libs/"
#define OS_MAJOR_VER 5
#define OS_MINOR_VER 10
#define OS_POINT_VER 16
#define OS_PATCH_VER 3
#define REPRO_BUILD_REV PACKAGE_VERSION
#define REPRO_BUILD_HOST "8ba3507dc926"
#define REPRO_RELEASE_VERSION PACKAGE_VERSION
#define DB_HEADER "db_cxx.h"
#define USE_ARES /**/
#define USE_IPV6 /**/
#define TIME_WITH_SYS_TIME 1
#define HAVE_SYS_TYPES_H 1
#define HAVE_SYS_TIME_H 1
#define HAVE_TIME_H 1
#define HAVE_CLOCK_GETTIME_MONOTONIC 1
#define HAVE_EPOLL /**/

configure: exit 0
